<?xml version="1.0" encoding="UTF-8"?>
<coverage generated="1543297175780" clover="3.2.0">
  <project timestamp="1543297175780" name="All files">
    <metrics statements="100" coveredstatements="83" conditionals="107" coveredconditionals="80" methods="23" coveredmethods="14" elements="230" coveredelements="177" complexity="0" loc="100" ncloc="100" packages="1" files="3" classes="3">
      <file name="FileIcon.jsx" path="/Users/handy/Etu/etu-lib/src/components/FileIcon.jsx">
        <metrics statements="17" coveredstatements="17" conditionals="12" coveredconditionals="12" methods="2" coveredmethods="2"/>
        <line num="4" count="2" type="stmt"/>
        <line num="5" count="2" type="stmt"/>
        <line num="6" count="2" type="stmt"/>
        <line num="7" count="2" type="stmt"/>
        <line num="9" count="2" type="stmt"/>
        <line num="10" count="16" type="stmt"/>
        <line num="11" count="16" type="cond" truecount="2" falsecount="0"/>
        <line num="12" count="13" type="cond" truecount="2" falsecount="0"/>
        <line num="13" count="10" type="cond" truecount="2" falsecount="0"/>
        <line num="14" count="5" type="cond" truecount="2" falsecount="0"/>
        <line num="15" count="3" type="cond" truecount="2" falsecount="0"/>
        <line num="16" count="1" type="stmt"/>
        <line num="19" count="2" type="stmt"/>
        <line num="23" count="2" type="cond" truecount="2" falsecount="0"/>
        <line num="24" count="7" type="stmt"/>
        <line num="25" count="7" type="stmt"/>
        <line num="27" count="2" type="stmt"/>
      </file>
      <file name="MediaList.jsx" path="/Users/handy/Etu/etu-lib/src/components/MediaList.jsx">
        <metrics statements="50" coveredstatements="33" conditionals="62" coveredconditionals="36" methods="20" coveredmethods="11"/>
        <line num="9" count="1" type="stmt"/>
        <line num="19" count="1" type="cond" truecount="1" falsecount="0"/>
        <line num="20" count="4" type="stmt"/>
        <line num="37" count="1" type="stmt"/>
        <line num="39" count="6" type="stmt"/>
        <line num="45" count="1" type="stmt"/>
        <line num="47" count="18" type="stmt"/>
        <line num="51" count="18" type="stmt"/>
        <line num="54" count="18" type="cond" truecount="2" falsecount="0"/>
        <line num="58" count="18" type="cond" truecount="2" falsecount="0"/>
        <line num="63" count="1" type="stmt"/>
        <line num="65" count="1" type="stmt"/>
        <line num="70" count="0" type="cond" truecount="0" falsecount="2"/>
        <line num="74" count="0" type="cond" truecount="0" falsecount="2"/>
        <line num="75" count="0" type="cond" truecount="0" falsecount="2"/>
        <line num="82" count="1" type="stmt"/>
        <line num="83" count="1" type="cond" truecount="1" falsecount="1"/>
        <line num="90" count="1" type="stmt"/>
        <line num="131" count="7" type="cond" truecount="2" falsecount="0"/>
        <line num="132" count="3" type="cond" truecount="4" falsecount="0"/>
        <line num="136" count="0" type="stmt"/>
        <line num="137" count="0" type="stmt"/>
        <line num="138" count="0" type="cond" truecount="0" falsecount="2"/>
        <line num="142" count="0" type="stmt"/>
        <line num="143" count="0" type="cond" truecount="0" falsecount="4"/>
        <line num="144" count="0" type="stmt"/>
        <line num="145" count="0" type="stmt"/>
        <line num="149" count="0" type="stmt"/>
        <line num="150" count="0" type="stmt"/>
        <line num="151" count="0" type="stmt"/>
        <line num="152" count="0" type="stmt"/>
        <line num="153" count="0" type="stmt"/>
        <line num="154" count="0" type="stmt"/>
        <line num="157" count="0" type="cond" truecount="0" falsecount="2"/>
        <line num="162" count="16" type="stmt"/>
        <line num="163" count="16" type="stmt"/>
        <line num="164" count="16" type="stmt"/>
        <line num="167" count="16" type="cond" truecount="2" falsecount="0"/>
        <line num="168" count="16" type="cond" truecount="2" falsecount="0"/>
        <line num="170" count="16" type="stmt"/>
        <line num="172" count="16" type="cond" truecount="4" falsecount="0"/>
        <line num="174" count="8" type="stmt"/>
        <line num="181" count="8" type="cond" truecount="2" falsecount="0"/>
        <line num="182" count="2" type="stmt"/>
        <line num="188" count="6" type="stmt"/>
        <line num="190" count="8" type="cond" truecount="2" falsecount="0"/>
        <line num="195" count="4" type="cond" truecount="0" falsecount="1"/>
        <line num="196" count="4" type="stmt"/>
        <line num="199" count="16" type="cond" truecount="2" falsecount="0"/>
        <line num="200" count="16" type="stmt"/>
      </file>
      <file name="View.jsx" path="/Users/handy/Etu/etu-lib/src/components/View.jsx">
        <metrics statements="33" coveredstatements="33" conditionals="33" coveredconditionals="32" methods="1" coveredmethods="1"/>
        <line num="4" count="1" type="stmt"/>
        <line num="17" count="1" type="stmt"/>
        <line num="34" count="11" type="stmt"/>
        <line num="36" count="11" type="cond" truecount="2" falsecount="0"/>
        <line num="37" count="4" type="stmt"/>
        <line num="40" count="11" type="cond" truecount="2" falsecount="0"/>
        <line num="41" count="1" type="stmt"/>
        <line num="44" count="11" type="cond" truecount="4" falsecount="0"/>
        <line num="45" count="4" type="stmt"/>
        <line num="48" count="11" type="cond" truecount="2" falsecount="0"/>
        <line num="49" count="2" type="stmt"/>
        <line num="52" count="11" type="cond" truecount="2" falsecount="0"/>
        <line num="53" count="2" type="stmt"/>
        <line num="56" count="11" type="cond" truecount="2" falsecount="0"/>
        <line num="57" count="2" type="stmt"/>
        <line num="60" count="11" type="cond" truecount="2" falsecount="0"/>
        <line num="61" count="4" type="stmt"/>
        <line num="64" count="11" type="cond" truecount="2" falsecount="0"/>
        <line num="65" count="4" type="stmt"/>
        <line num="68" count="11" type="cond" truecount="2" falsecount="0"/>
        <line num="69" count="2" type="stmt"/>
        <line num="72" count="11" type="cond" truecount="2" falsecount="0"/>
        <line num="73" count="4" type="stmt"/>
        <line num="75" count="11" type="cond" truecount="2" falsecount="0"/>
        <line num="76" count="2" type="stmt"/>
        <line num="78" count="11" type="cond" truecount="2" falsecount="0"/>
        <line num="79" count="2" type="stmt"/>
        <line num="82" count="11" type="cond" truecount="2" falsecount="0"/>
        <line num="83" count="2" type="stmt"/>
        <line num="86" count="11" type="stmt"/>
        <line num="92" count="1" type="stmt"/>
        <line num="94" count="1" type="stmt"/>
        <line num="98" count="1" type="stmt"/>
      </file>
    </metrics>
  </project>
</coverage>
