{"/Users/handy/Etu/etu-lib/src/components/FileIcon.jsx": {"path":"/Users/handy/Etu/etu-lib/src/components/FileIcon.jsx","statementMap":{"0":{"start":{"line":4,"column":14},"end":{"line":4,"column":79}},"1":{"start":{"line":5,"column":0},"end":{"line":5,"column":80}},"2":{"start":{"line":6,"column":0},"end":{"line":6,"column":81}},"3":{"start":{"line":7,"column":0},"end":{"line":7,"column":84}},"4":{"start":{"line":9,"column":27},"end":{"line":17,"column":1}},"5":{"start":{"line":10,"column":15},"end":{"line":10,"column":37}},"6":{"start":{"line":11,"column":2},"end":{"line":11,"column":51}},"7":{"start":{"line":11,"column":38},"end":{"line":11,"column":51}},"8":{"start":{"line":12,"column":2},"end":{"line":12,"column":50}},"9":{"start":{"line":12,"column":38},"end":{"line":12,"column":50}},"10":{"start":{"line":13,"column":2},"end":{"line":13,"column":43}},"11":{"start":{"line":13,"column":32},"end":{"line":13,"column":43}},"12":{"start":{"line":14,"column":2},"end":{"line":14,"column":73}},"13":{"start":{"line":14,"column":59},"end":{"line":14,"column":73}},"14":{"start":{"line":15,"column":2},"end":{"line":15,"column":87}},"15":{"start":{"line":15,"column":73},"end":{"line":15,"column":87}},"16":{"start":{"line":16,"column":2},"end":{"line":16,"column":18}},"17":{"start":{"line":19,"column":19},"end":{"line":21,"column":2}},"18":{"start":{"line":23,"column":17},"end":{"line":26,"column":1}},"19":{"start":{"line":24,"column":19},"end":{"line":24,"column":36}},"20":{"start":{"line":25,"column":2},"end":{"line":25,"column":96}},"21":{"start":{"line":27,"column":0},"end":{"line":27,"column":33}}},"fnMap":{"0":{"name":"(anonymous_0)","decl":{"start":{"line":9,"column":27},"end":{"line":9,"column":28}},"loc":{"start":{"line":9,"column":39},"end":{"line":17,"column":1}},"line":9},"1":{"name":"(anonymous_1)","decl":{"start":{"line":23,"column":17},"end":{"line":23,"column":18}},"loc":{"start":{"line":23,"column":63},"end":{"line":26,"column":1}},"line":23}},"branchMap":{"0":{"loc":{"start":{"line":11,"column":2},"end":{"line":11,"column":51}},"type":"if","locations":[{"start":{"line":11,"column":2},"end":{"line":11,"column":51}},{"start":{"line":11,"column":2},"end":{"line":11,"column":51}}],"line":11},"1":{"loc":{"start":{"line":12,"column":2},"end":{"line":12,"column":50}},"type":"if","locations":[{"start":{"line":12,"column":2},"end":{"line":12,"column":50}},{"start":{"line":12,"column":2},"end":{"line":12,"column":50}}],"line":12},"2":{"loc":{"start":{"line":13,"column":2},"end":{"line":13,"column":43}},"type":"if","locations":[{"start":{"line":13,"column":2},"end":{"line":13,"column":43}},{"start":{"line":13,"column":2},"end":{"line":13,"column":43}}],"line":13},"3":{"loc":{"start":{"line":14,"column":2},"end":{"line":14,"column":73}},"type":"if","locations":[{"start":{"line":14,"column":2},"end":{"line":14,"column":73}},{"start":{"line":14,"column":2},"end":{"line":14,"column":73}}],"line":14},"4":{"loc":{"start":{"line":15,"column":2},"end":{"line":15,"column":87}},"type":"if","locations":[{"start":{"line":15,"column":2},"end":{"line":15,"column":87}},{"start":{"line":15,"column":2},"end":{"line":15,"column":87}}],"line":15},"5":{"loc":{"start":{"line":23,"column":20},"end":{"line":23,"column":30}},"type":"default-arg","locations":[{"start":{"line":23,"column":28},"end":{"line":23,"column":30}}],"line":23},"6":{"loc":{"start":{"line":23,"column":32},"end":{"line":23,"column":41}},"type":"default-arg","locations":[{"start":{"line":23,"column":39},"end":{"line":23,"column":41}}],"line":23}},"s":{"0":2,"1":2,"2":2,"3":2,"4":2,"5":18,"6":18,"7":5,"8":13,"9":3,"10":10,"11":5,"12":5,"13":2,"14":3,"15":2,"16":1,"17":2,"18":2,"19":7,"20":7,"21":2},"f":{"0":18,"1":7},"b":{"0":[5,13],"1":[3,10],"2":[5,5],"3":[2,3],"4":[2,1],"5":[2],"6":[2]},"_coverageSchema":"332fd63041d2c1bcb487cc26dd0d5f7d97098a6c","hash":"493f037538caf75da44aec1ed5e85f55abc44155"}
,"/Users/handy/Etu/etu-lib/src/components/FullScreenModal.jsx": {"path":"/Users/handy/Etu/etu-lib/src/components/FullScreenModal.jsx","statementMap":{"0":{"start":{"line":5,"column":18},"end":{"line":9,"column":1}},"1":{"start":{"line":6,"column":2},"end":{"line":8,"column":10}},"2":{"start":{"line":11,"column":24},"end":{"line":49,"column":1}},"3":{"start":{"line":20,"column":22},"end":{"line":20,"column":46}},"4":{"start":{"line":23,"column":27},"end":{"line":23,"column":53}},"5":{"start":{"line":31,"column":24},"end":{"line":31,"column":58}},"6":{"start":{"line":38,"column":24},"end":{"line":38,"column":58}},"7":{"start":{"line":47,"column":24},"end":{"line":47,"column":83}}},"fnMap":{"0":{"name":"(anonymous_0)","decl":{"start":{"line":5,"column":18},"end":{"line":5,"column":19}},"loc":{"start":{"line":6,"column":2},"end":{"line":8,"column":10}},"line":6},"1":{"name":"(anonymous_1)","decl":{"start":{"line":20,"column":13},"end":{"line":20,"column":14}},"loc":{"start":{"line":20,"column":22},"end":{"line":20,"column":46}},"line":20},"2":{"name":"(anonymous_2)","decl":{"start":{"line":23,"column":18},"end":{"line":23,"column":19}},"loc":{"start":{"line":23,"column":27},"end":{"line":23,"column":53}},"line":23},"3":{"name":"(anonymous_3)","decl":{"start":{"line":31,"column":15},"end":{"line":31,"column":16}},"loc":{"start":{"line":31,"column":24},"end":{"line":31,"column":58}},"line":31},"4":{"name":"(anonymous_4)","decl":{"start":{"line":38,"column":15},"end":{"line":38,"column":16}},"loc":{"start":{"line":38,"column":24},"end":{"line":38,"column":58}},"line":38},"5":{"name":"(anonymous_5)","decl":{"start":{"line":47,"column":15},"end":{"line":47,"column":16}},"loc":{"start":{"line":47,"column":24},"end":{"line":47,"column":83}},"line":47}},"branchMap":{"0":{"loc":{"start":{"line":6,"column":66},"end":{"line":6,"column":90}},"type":"binary-expr","locations":[{"start":{"line":6,"column":66},"end":{"line":6,"column":84}},{"start":{"line":6,"column":88},"end":{"line":6,"column":90}}],"line":6},"1":{"loc":{"start":{"line":20,"column":22},"end":{"line":20,"column":46}},"type":"binary-expr","locations":[{"start":{"line":20,"column":22},"end":{"line":20,"column":33}},{"start":{"line":20,"column":37},"end":{"line":20,"column":46}}],"line":20},"2":{"loc":{"start":{"line":23,"column":27},"end":{"line":23,"column":53}},"type":"binary-expr","locations":[{"start":{"line":23,"column":27},"end":{"line":23,"column":43}},{"start":{"line":23,"column":47},"end":{"line":23,"column":53}}],"line":23},"3":{"loc":{"start":{"line":31,"column":24},"end":{"line":31,"column":58}},"type":"cond-expr","locations":[{"start":{"line":31,"column":42},"end":{"line":31,"column":49}},{"start":{"line":31,"column":52},"end":{"line":31,"column":58}}],"line":31},"4":{"loc":{"start":{"line":38,"column":24},"end":{"line":38,"column":58}},"type":"cond-expr","locations":[{"start":{"line":38,"column":42},"end":{"line":38,"column":49}},{"start":{"line":38,"column":52},"end":{"line":38,"column":58}}],"line":38},"5":{"loc":{"start":{"line":47,"column":24},"end":{"line":47,"column":83}},"type":"cond-expr","locations":[{"start":{"line":47,"column":63},"end":{"line":47,"column":74}},{"start":{"line":47,"column":77},"end":{"line":47,"column":83}}],"line":47},"6":{"loc":{"start":{"line":47,"column":25},"end":{"line":47,"column":59}},"type":"binary-expr","locations":[{"start":{"line":47,"column":25},"end":{"line":47,"column":40}},{"start":{"line":47,"column":44},"end":{"line":47,"column":59}}],"line":47}},"s":{"0":1,"1":3,"2":1,"3":6,"4":6,"5":6,"6":6,"7":6},"f":{"0":3,"1":6,"2":6,"3":6,"4":6,"5":6},"b":{"0":[3,2],"1":[6,6],"2":[6,4],"3":[4,2],"4":[4,2],"5":[6,0],"6":[6,2]},"_coverageSchema":"332fd63041d2c1bcb487cc26dd0d5f7d97098a6c","hash":"ea5dc6ffebf79e088651cbd2f306c7250a0f7d20"}
,"/Users/handy/Etu/etu-lib/src/components/MediaList.jsx": {"path":"/Users/handy/Etu/etu-lib/src/components/MediaList.jsx","statementMap":{"0":{"start":{"line":9,"column":17},"end":{"line":17,"column":1}},"1":{"start":{"line":19,"column":18},"end":{"line":35,"column":1}},"2":{"start":{"line":20,"column":2},"end":{"line":34,"column":8}},"3":{"start":{"line":37,"column":20},"end":{"line":44,"column":1}},"4":{"start":{"line":39,"column":24},"end":{"line":39,"column":36}},"5":{"start":{"line":45,"column":0},"end":{"line":62,"column":1}},"6":{"start":{"line":47,"column":23},"end":{"line":47,"column":42}},"7":{"start":{"line":51,"column":27},"end":{"line":51,"column":43}},"8":{"start":{"line":54,"column":29},"end":{"line":54,"column":66}},"9":{"start":{"line":58,"column":25},"end":{"line":58,"column":54}},"10":{"start":{"line":63,"column":0},"end":{"line":63,"column":34}},"11":{"start":{"line":65,"column":0},"end":{"line":80,"column":1}},"12":{"start":{"line":70,"column":22},"end":{"line":70,"column":46}},"13":{"start":{"line":74,"column":21},"end":{"line":74,"column":53}},"14":{"start":{"line":75,"column":26},"end":{"line":75,"column":67}},"15":{"start":{"line":82,"column":24},"end":{"line":88,"column":1}},"16":{"start":{"line":83,"column":2},"end":{"line":87,"column":14}},"17":{"start":{"line":90,"column":21},"end":{"line":99,"column":1}},"18":{"start":{"line":134,"column":4},"end":{"line":134,"column":31}},"19":{"start":{"line":135,"column":4},"end":{"line":135,"column":41}},"20":{"start":{"line":136,"column":4},"end":{"line":136,"column":39}},"21":{"start":{"line":140,"column":4},"end":{"line":140,"column":35}},"22":{"start":{"line":140,"column":19},"end":{"line":140,"column":35}},"23":{"start":{"line":141,"column":4},"end":{"line":141,"column":71}},"24":{"start":{"line":141,"column":44},"end":{"line":141,"column":71}},"25":{"start":{"line":142,"column":4},"end":{"line":142,"column":73}},"26":{"start":{"line":142,"column":40},"end":{"line":142,"column":73}},"27":{"start":{"line":146,"column":4},"end":{"line":146,"column":22}},"28":{"start":{"line":147,"column":4},"end":{"line":147,"column":23}},"29":{"start":{"line":148,"column":4},"end":{"line":148,"column":50}},"30":{"start":{"line":152,"column":17},"end":{"line":152,"column":29}},"31":{"start":{"line":153,"column":4},"end":{"line":167,"column":5}},"32":{"start":{"line":154,"column":16},"end":{"line":154,"column":50}},"33":{"start":{"line":155,"column":6},"end":{"line":158,"column":61}},"34":{"start":{"line":159,"column":6},"end":{"line":159,"column":25}},"35":{"start":{"line":160,"column":6},"end":{"line":160,"column":34}},"36":{"start":{"line":161,"column":6},"end":{"line":161,"column":15}},"37":{"start":{"line":162,"column":6},"end":{"line":164,"column":11}},"38":{"start":{"line":163,"column":8},"end":{"line":163,"column":36}},"39":{"start":{"line":166,"column":6},"end":{"line":166,"column":60}},"40":{"start":{"line":171,"column":47},"end":{"line":171,"column":57}},"41":{"start":{"line":172,"column":11},"end":{"line":172,"column":24}},"42":{"start":{"line":173,"column":22},"end":{"line":173,"column":31}},"43":{"start":{"line":176,"column":17},"end":{"line":176,"column":42}},"44":{"start":{"line":177,"column":18},"end":{"line":177,"column":44}},"45":{"start":{"line":179,"column":4},"end":{"line":179,"column":57}},"46":{"start":{"line":181,"column":4},"end":{"line":198,"column":5}},"47":{"start":{"line":183,"column":8},"end":{"line":188,"column":10}},"48":{"start":{"line":190,"column":6},"end":{"line":196,"column":7}},"49":{"start":{"line":191,"column":8},"end":{"line":195,"column":9}},"50":{"start":{"line":197,"column":6},"end":{"line":197,"column":16}},"51":{"start":{"line":199,"column":4},"end":{"line":199,"column":106}},"52":{"start":{"line":204,"column":107},"end":{"line":204,"column":117}},"53":{"start":{"line":205,"column":4},"end":{"line":230,"column":5}},"54":{"start":{"line":208,"column":27},"end":{"line":208,"column":65}},"55":{"start":{"line":209,"column":10},"end":{"line":227,"column":11}}},"fnMap":{"0":{"name":"(anonymous_0)","decl":{"start":{"line":19,"column":18},"end":{"line":19,"column":19}},"loc":{"start":{"line":20,"column":2},"end":{"line":34,"column":8}},"line":20},"1":{"name":"(anonymous_1)","decl":{"start":{"line":39,"column":15},"end":{"line":39,"column":16}},"loc":{"start":{"line":39,"column":24},"end":{"line":39,"column":36}},"line":39},"2":{"name":"(anonymous_2)","decl":{"start":{"line":47,"column":14},"end":{"line":47,"column":15}},"loc":{"start":{"line":47,"column":23},"end":{"line":47,"column":42}},"line":47},"3":{"name":"(anonymous_3)","decl":{"start":{"line":51,"column":18},"end":{"line":51,"column":19}},"loc":{"start":{"line":51,"column":27},"end":{"line":51,"column":43}},"line":51},"4":{"name":"(anonymous_4)","decl":{"start":{"line":54,"column":19},"end":{"line":54,"column":20}},"loc":{"start":{"line":54,"column":29},"end":{"line":54,"column":66}},"line":54},"5":{"name":"(anonymous_5)","decl":{"start":{"line":58,"column":15},"end":{"line":58,"column":16}},"loc":{"start":{"line":58,"column":25},"end":{"line":58,"column":54}},"line":58},"6":{"name":"(anonymous_6)","decl":{"start":{"line":70,"column":12},"end":{"line":70,"column":13}},"loc":{"start":{"line":70,"column":22},"end":{"line":70,"column":46}},"line":70},"7":{"name":"(anonymous_7)","decl":{"start":{"line":74,"column":11},"end":{"line":74,"column":12}},"loc":{"start":{"line":74,"column":21},"end":{"line":74,"column":53}},"line":74},"8":{"name":"(anonymous_8)","decl":{"start":{"line":75,"column":16},"end":{"line":75,"column":17}},"loc":{"start":{"line":75,"column":26},"end":{"line":75,"column":67}},"line":75},"9":{"name":"(anonymous_9)","decl":{"start":{"line":82,"column":24},"end":{"line":82,"column":25}},"loc":{"start":{"line":83,"column":2},"end":{"line":87,"column":14}},"line":83},"10":{"name":"(anonymous_10)","decl":{"start":{"line":129,"column":24},"end":{"line":129,"column":25}},"loc":{"start":{"line":129,"column":47},"end":{"line":129,"column":49}},"line":129},"11":{"name":"(anonymous_11)","decl":{"start":{"line":130,"column":19},"end":{"line":130,"column":20}},"loc":{"start":{"line":130,"column":25},"end":{"line":130,"column":27}},"line":130},"12":{"name":"(anonymous_12)","decl":{"start":{"line":131,"column":23},"end":{"line":131,"column":24}},"loc":{"start":{"line":131,"column":29},"end":{"line":131,"column":31}},"line":131},"13":{"name":"(anonymous_13)","decl":{"start":{"line":133,"column":32},"end":{"line":133,"column":33}},"loc":{"start":{"line":133,"column":76},"end":{"line":137,"column":3}},"line":133},"14":{"name":"(anonymous_14)","decl":{"start":{"line":139,"column":23},"end":{"line":139,"column":24}},"loc":{"start":{"line":139,"column":31},"end":{"line":143,"column":3}},"line":139},"15":{"name":"(anonymous_15)","decl":{"start":{"line":145,"column":21},"end":{"line":145,"column":22}},"loc":{"start":{"line":145,"column":32},"end":{"line":149,"column":3}},"line":145},"16":{"name":"(anonymous_16)","decl":{"start":{"line":151,"column":12},"end":{"line":151,"column":13}},"loc":{"start":{"line":151,"column":30},"end":{"line":168,"column":3}},"line":151},"17":{"name":"(anonymous_17)","decl":{"start":{"line":162,"column":17},"end":{"line":162,"column":18}},"loc":{"start":{"line":162,"column":28},"end":{"line":164,"column":7}},"line":162},"18":{"name":"(anonymous_18)","decl":{"start":{"line":170,"column":20},"end":{"line":170,"column":21}},"loc":{"start":{"line":170,"column":28},"end":{"line":200,"column":3}},"line":170},"19":{"name":"(anonymous_19)","decl":{"start":{"line":203,"column":2},"end":{"line":203,"column":3}},"loc":{"start":{"line":203,"column":11},"end":{"line":231,"column":3}},"line":203},"20":{"name":"(anonymous_20)","decl":{"start":{"line":207,"column":19},"end":{"line":207,"column":20}},"loc":{"start":{"line":207,"column":41},"end":{"line":228,"column":9}},"line":207}},"branchMap":{"0":{"loc":{"start":{"line":19,"column":47},"end":{"line":19,"column":74}},"type":"default-arg","locations":[{"start":{"line":19,"column":65},"end":{"line":19,"column":74}}],"line":19},"1":{"loc":{"start":{"line":54,"column":29},"end":{"line":54,"column":66}},"type":"cond-expr","locations":[{"start":{"line":54,"column":43},"end":{"line":54,"column":51}},{"start":{"line":54,"column":54},"end":{"line":54,"column":66}}],"line":54},"2":{"loc":{"start":{"line":58,"column":25},"end":{"line":58,"column":54}},"type":"cond-expr","locations":[{"start":{"line":58,"column":39},"end":{"line":58,"column":40}},{"start":{"line":58,"column":43},"end":{"line":58,"column":54}}],"line":58},"3":{"loc":{"start":{"line":70,"column":22},"end":{"line":70,"column":46}},"type":"cond-expr","locations":[{"start":{"line":70,"column":36},"end":{"line":70,"column":37}},{"start":{"line":70,"column":40},"end":{"line":70,"column":46}}],"line":70},"4":{"loc":{"start":{"line":74,"column":21},"end":{"line":74,"column":53}},"type":"cond-expr","locations":[{"start":{"line":74,"column":35},"end":{"line":74,"column":41}},{"start":{"line":74,"column":44},"end":{"line":74,"column":53}}],"line":74},"5":{"loc":{"start":{"line":75,"column":26},"end":{"line":75,"column":67}},"type":"cond-expr","locations":[{"start":{"line":75,"column":40},"end":{"line":75,"column":51}},{"start":{"line":75,"column":54},"end":{"line":75,"column":67}}],"line":75},"6":{"loc":{"start":{"line":83,"column":20},"end":{"line":83,"column":33}},"type":"cond-expr","locations":[{"start":{"line":83,"column":28},"end":{"line":83,"column":29}},{"start":{"line":83,"column":32},"end":{"line":83,"column":33}}],"line":83},"7":{"loc":{"start":{"line":84,"column":20},"end":{"line":84,"column":48}},"type":"cond-expr","locations":[{"start":{"line":84,"column":39},"end":{"line":84,"column":41}},{"start":{"line":84,"column":44},"end":{"line":84,"column":48}}],"line":84},"8":{"loc":{"start":{"line":140,"column":4},"end":{"line":140,"column":35}},"type":"if","locations":[{"start":{"line":140,"column":4},"end":{"line":140,"column":35}},{"start":{"line":140,"column":4},"end":{"line":140,"column":35}}],"line":140},"9":{"loc":{"start":{"line":141,"column":4},"end":{"line":141,"column":71}},"type":"if","locations":[{"start":{"line":141,"column":4},"end":{"line":141,"column":71}},{"start":{"line":141,"column":4},"end":{"line":141,"column":71}}],"line":141},"10":{"loc":{"start":{"line":141,"column":8},"end":{"line":141,"column":42}},"type":"binary-expr","locations":[{"start":{"line":141,"column":8},"end":{"line":141,"column":18}},{"start":{"line":141,"column":22},"end":{"line":141,"column":42}}],"line":141},"11":{"loc":{"start":{"line":142,"column":4},"end":{"line":142,"column":73}},"type":"if","locations":[{"start":{"line":142,"column":4},"end":{"line":142,"column":73}},{"start":{"line":142,"column":4},"end":{"line":142,"column":73}}],"line":142},"12":{"loc":{"start":{"line":142,"column":8},"end":{"line":142,"column":38}},"type":"binary-expr","locations":[{"start":{"line":142,"column":8},"end":{"line":142,"column":18}},{"start":{"line":142,"column":22},"end":{"line":142,"column":38}}],"line":142},"13":{"loc":{"start":{"line":148,"column":4},"end":{"line":148,"column":50}},"type":"binary-expr","locations":[{"start":{"line":148,"column":4},"end":{"line":148,"column":23}},{"start":{"line":148,"column":27},"end":{"line":148,"column":50}}],"line":148},"14":{"loc":{"start":{"line":153,"column":4},"end":{"line":167,"column":5}},"type":"if","locations":[{"start":{"line":153,"column":4},"end":{"line":167,"column":5}},{"start":{"line":153,"column":4},"end":{"line":167,"column":5}}],"line":153},"15":{"loc":{"start":{"line":153,"column":8},"end":{"line":153,"column":56}},"type":"binary-expr","locations":[{"start":{"line":153,"column":8},"end":{"line":153,"column":31}},{"start":{"line":153,"column":35},"end":{"line":153,"column":56}}],"line":153},"16":{"loc":{"start":{"line":156,"column":8},"end":{"line":158,"column":61}},"type":"cond-expr","locations":[{"start":{"line":157,"column":12},"end":{"line":157,"column":57}},{"start":{"line":158,"column":12},"end":{"line":158,"column":61}}],"line":156},"17":{"loc":{"start":{"line":156,"column":8},"end":{"line":156,"column":53}},"type":"binary-expr","locations":[{"start":{"line":156,"column":8},"end":{"line":156,"column":30}},{"start":{"line":156,"column":34},"end":{"line":156,"column":53}}],"line":156},"18":{"loc":{"start":{"line":157,"column":30},"end":{"line":157,"column":56}},"type":"binary-expr","locations":[{"start":{"line":157,"column":30},"end":{"line":157,"column":39}},{"start":{"line":157,"column":43},"end":{"line":157,"column":56}}],"line":157},"19":{"loc":{"start":{"line":158,"column":34},"end":{"line":158,"column":60}},"type":"binary-expr","locations":[{"start":{"line":158,"column":34},"end":{"line":158,"column":43}},{"start":{"line":158,"column":47},"end":{"line":158,"column":60}}],"line":158},"20":{"loc":{"start":{"line":166,"column":6},"end":{"line":166,"column":60}},"type":"binary-expr","locations":[{"start":{"line":166,"column":6},"end":{"line":166,"column":24}},{"start":{"line":166,"column":28},"end":{"line":166,"column":60}}],"line":166},"21":{"loc":{"start":{"line":176,"column":26},"end":{"line":176,"column":41}},"type":"cond-expr","locations":[{"start":{"line":176,"column":34},"end":{"line":176,"column":35}},{"start":{"line":176,"column":38},"end":{"line":176,"column":41}}],"line":176},"22":{"loc":{"start":{"line":177,"column":28},"end":{"line":177,"column":43}},"type":"cond-expr","locations":[{"start":{"line":177,"column":36},"end":{"line":177,"column":37}},{"start":{"line":177,"column":40},"end":{"line":177,"column":43}}],"line":177},"23":{"loc":{"start":{"line":181,"column":4},"end":{"line":198,"column":5}},"type":"if","locations":[{"start":{"line":181,"column":4},"end":{"line":198,"column":5}},{"start":{"line":181,"column":4},"end":{"line":198,"column":5}}],"line":181},"24":{"loc":{"start":{"line":181,"column":8},"end":{"line":181,"column":56}},"type":"binary-expr","locations":[{"start":{"line":181,"column":8},"end":{"line":181,"column":29}},{"start":{"line":181,"column":33},"end":{"line":181,"column":56}}],"line":181},"25":{"loc":{"start":{"line":187,"column":16},"end":{"line":187,"column":72}},"type":"binary-expr","locations":[{"start":{"line":187,"column":16},"end":{"line":187,"column":37}},{"start":{"line":187,"column":41},"end":{"line":187,"column":72}}],"line":187},"26":{"loc":{"start":{"line":190,"column":6},"end":{"line":196,"column":7}},"type":"if","locations":[{"start":{"line":190,"column":6},"end":{"line":196,"column":7}},{"start":{"line":190,"column":6},"end":{"line":196,"column":7}}],"line":190},"27":{"loc":{"start":{"line":199,"column":44},"end":{"line":199,"column":73}},"type":"cond-expr","locations":[{"start":{"line":199,"column":52},"end":{"line":199,"column":61}},{"start":{"line":199,"column":64},"end":{"line":199,"column":73}}],"line":199},"28":{"loc":{"start":{"line":204,"column":79},"end":{"line":204,"column":102}},"type":"default-arg","locations":[{"start":{"line":204,"column":97},"end":{"line":204,"column":102}}],"line":204},"29":{"loc":{"start":{"line":208,"column":27},"end":{"line":208,"column":65}},"type":"binary-expr","locations":[{"start":{"line":208,"column":27},"end":{"line":208,"column":34}},{"start":{"line":208,"column":38},"end":{"line":208,"column":65}}],"line":208},"30":{"loc":{"start":{"line":213,"column":24},"end":{"line":213,"column":43}},"type":"binary-expr","locations":[{"start":{"line":213,"column":24},"end":{"line":213,"column":32}},{"start":{"line":213,"column":36},"end":{"line":213,"column":43}}],"line":213},"31":{"loc":{"start":{"line":215,"column":21},"end":{"line":215,"column":34}},"type":"cond-expr","locations":[{"start":{"line":215,"column":29},"end":{"line":215,"column":30}},{"start":{"line":215,"column":33},"end":{"line":215,"column":34}}],"line":215},"32":{"loc":{"start":{"line":220,"column":15},"end":{"line":224,"column":15}},"type":"binary-expr","locations":[{"start":{"line":220,"column":15},"end":{"line":220,"column":30}},{"start":{"line":221,"column":16},"end":{"line":223,"column":24}}],"line":220},"33":{"loc":{"start":{"line":225,"column":15},"end":{"line":225,"column":69}},"type":"binary-expr","locations":[{"start":{"line":225,"column":15},"end":{"line":225,"column":23}},{"start":{"line":225,"column":27},"end":{"line":225,"column":69}}],"line":225}},"s":{"0":1,"1":1,"2":4,"3":1,"4":6,"5":1,"6":18,"7":18,"8":18,"9":18,"10":1,"11":1,"12":0,"13":0,"14":0,"15":1,"16":1,"17":1,"18":1,"19":1,"20":1,"21":7,"22":4,"23":3,"24":0,"25":3,"26":2,"27":0,"28":0,"29":0,"30":0,"31":0,"32":0,"33":0,"34":0,"35":0,"36":0,"37":0,"38":0,"39":0,"40":16,"41":16,"42":16,"43":16,"44":16,"45":16,"46":16,"47":8,"48":8,"49":2,"50":6,"51":8,"52":4,"53":4,"54":16,"55":16},"f":{"0":4,"1":6,"2":18,"3":18,"4":18,"5":18,"6":0,"7":0,"8":0,"9":1,"10":0,"11":0,"12":0,"13":1,"14":7,"15":0,"16":0,"17":0,"18":16,"19":4,"20":16},"b":{"0":[4],"1":[16,2],"2":[16,2],"3":[0,0],"4":[0,0],"5":[0,0],"6":[1,0],"7":[1,0],"8":[4,3],"9":[0,3],"10":[3,2],"11":[2,1],"12":[3,2],"13":[0,0],"14":[0,0],"15":[0,0],"16":[0,0],"17":[0,0],"18":[0,0],"19":[0,0],"20":[0,0],"21":[12,4],"22":[12,4],"23":[8,8],"24":[16,16],"25":[8,0],"26":[2,6],"27":[6,2],"28":[0],"29":[16,4],"30":[16,4],"31":[12,4],"32":[16,4],"33":[16,4]},"_coverageSchema":"332fd63041d2c1bcb487cc26dd0d5f7d97098a6c","hash":"a665a5d179a868e519c476345e1b6f9d652264ed"}
,"/Users/handy/Etu/etu-lib/src/components/View.jsx": {"path":"/Users/handy/Etu/etu-lib/src/components/View.jsx","statementMap":{"0":{"start":{"line":4,"column":18},"end":{"line":15,"column":1}},"1":{"start":{"line":17,"column":13},"end":{"line":91,"column":1}},"2":{"start":{"line":34,"column":20},"end":{"line":34,"column":22}},"3":{"start":{"line":36,"column":2},"end":{"line":38,"column":3}},"4":{"start":{"line":37,"column":4},"end":{"line":37,"column":37}},"5":{"start":{"line":40,"column":2},"end":{"line":42,"column":3}},"6":{"start":{"line":41,"column":4},"end":{"line":41,"column":40}},"7":{"start":{"line":44,"column":2},"end":{"line":46,"column":3}},"8":{"start":{"line":45,"column":4},"end":{"line":45,"column":41}},"9":{"start":{"line":48,"column":2},"end":{"line":50,"column":3}},"10":{"start":{"line":49,"column":4},"end":{"line":49,"column":34}},"11":{"start":{"line":52,"column":2},"end":{"line":54,"column":3}},"12":{"start":{"line":53,"column":4},"end":{"line":53,"column":40}},"13":{"start":{"line":56,"column":2},"end":{"line":58,"column":3}},"14":{"start":{"line":57,"column":4},"end":{"line":57,"column":33}},"15":{"start":{"line":60,"column":2},"end":{"line":62,"column":3}},"16":{"start":{"line":61,"column":4},"end":{"line":61,"column":27}},"17":{"start":{"line":64,"column":2},"end":{"line":66,"column":3}},"18":{"start":{"line":65,"column":4},"end":{"line":65,"column":29}},"19":{"start":{"line":68,"column":2},"end":{"line":70,"column":3}},"20":{"start":{"line":69,"column":4},"end":{"line":69,"column":31}},"21":{"start":{"line":72,"column":2},"end":{"line":74,"column":3}},"22":{"start":{"line":73,"column":4},"end":{"line":73,"column":39}},"23":{"start":{"line":75,"column":2},"end":{"line":77,"column":3}},"24":{"start":{"line":76,"column":4},"end":{"line":76,"column":29}},"25":{"start":{"line":78,"column":2},"end":{"line":80,"column":3}},"26":{"start":{"line":79,"column":4},"end":{"line":79,"column":37}},"27":{"start":{"line":82,"column":2},"end":{"line":84,"column":3}},"28":{"start":{"line":83,"column":4},"end":{"line":83,"column":46}},"29":{"start":{"line":86,"column":2},"end":{"line":90,"column":3}},"30":{"start":{"line":92,"column":0},"end":{"line":92,"column":25}},"31":{"start":{"line":94,"column":0},"end":{"line":97,"column":1}},"32":{"start":{"line":98,"column":0},"end":{"line":98,"column":39}}},"fnMap":{"0":{"name":"(anonymous_0)","decl":{"start":{"line":17,"column":13},"end":{"line":17,"column":14}},"loc":{"start":{"line":33,"column":6},"end":{"line":91,"column":1}},"line":33}},"branchMap":{"0":{"loc":{"start":{"line":22,"column":2},"end":{"line":22,"column":16}},"type":"default-arg","locations":[{"start":{"line":22,"column":11},"end":{"line":22,"column":16}}],"line":22},"1":{"loc":{"start":{"line":23,"column":2},"end":{"line":23,"column":14}},"type":"default-arg","locations":[{"start":{"line":23,"column":9},"end":{"line":23,"column":14}}],"line":23},"2":{"loc":{"start":{"line":24,"column":2},"end":{"line":24,"column":13}},"type":"default-arg","locations":[{"start":{"line":24,"column":8},"end":{"line":24,"column":13}}],"line":24},"3":{"loc":{"start":{"line":36,"column":2},"end":{"line":38,"column":3}},"type":"if","locations":[{"start":{"line":36,"column":2},"end":{"line":38,"column":3}},{"start":{"line":36,"column":2},"end":{"line":38,"column":3}}],"line":36},"4":{"loc":{"start":{"line":40,"column":2},"end":{"line":42,"column":3}},"type":"if","locations":[{"start":{"line":40,"column":2},"end":{"line":42,"column":3}},{"start":{"line":40,"column":2},"end":{"line":42,"column":3}}],"line":40},"5":{"loc":{"start":{"line":44,"column":2},"end":{"line":46,"column":3}},"type":"if","locations":[{"start":{"line":44,"column":2},"end":{"line":46,"column":3}},{"start":{"line":44,"column":2},"end":{"line":46,"column":3}}],"line":44},"6":{"loc":{"start":{"line":44,"column":6},"end":{"line":44,"column":70}},"type":"binary-expr","locations":[{"start":{"line":44,"column":6},"end":{"line":44,"column":31}},{"start":{"line":44,"column":35},"end":{"line":44,"column":70}}],"line":44},"7":{"loc":{"start":{"line":48,"column":2},"end":{"line":50,"column":3}},"type":"if","locations":[{"start":{"line":48,"column":2},"end":{"line":50,"column":3}},{"start":{"line":48,"column":2},"end":{"line":50,"column":3}}],"line":48},"8":{"loc":{"start":{"line":52,"column":2},"end":{"line":54,"column":3}},"type":"if","locations":[{"start":{"line":52,"column":2},"end":{"line":54,"column":3}},{"start":{"line":52,"column":2},"end":{"line":54,"column":3}}],"line":52},"9":{"loc":{"start":{"line":56,"column":2},"end":{"line":58,"column":3}},"type":"if","locations":[{"start":{"line":56,"column":2},"end":{"line":58,"column":3}},{"start":{"line":56,"column":2},"end":{"line":58,"column":3}}],"line":56},"10":{"loc":{"start":{"line":60,"column":2},"end":{"line":62,"column":3}},"type":"if","locations":[{"start":{"line":60,"column":2},"end":{"line":62,"column":3}},{"start":{"line":60,"column":2},"end":{"line":62,"column":3}}],"line":60},"11":{"loc":{"start":{"line":64,"column":2},"end":{"line":66,"column":3}},"type":"if","locations":[{"start":{"line":64,"column":2},"end":{"line":66,"column":3}},{"start":{"line":64,"column":2},"end":{"line":66,"column":3}}],"line":64},"12":{"loc":{"start":{"line":68,"column":2},"end":{"line":70,"column":3}},"type":"if","locations":[{"start":{"line":68,"column":2},"end":{"line":70,"column":3}},{"start":{"line":68,"column":2},"end":{"line":70,"column":3}}],"line":68},"13":{"loc":{"start":{"line":72,"column":2},"end":{"line":74,"column":3}},"type":"if","locations":[{"start":{"line":72,"column":2},"end":{"line":74,"column":3}},{"start":{"line":72,"column":2},"end":{"line":74,"column":3}}],"line":72},"14":{"loc":{"start":{"line":75,"column":2},"end":{"line":77,"column":3}},"type":"if","locations":[{"start":{"line":75,"column":2},"end":{"line":77,"column":3}},{"start":{"line":75,"column":2},"end":{"line":77,"column":3}}],"line":75},"15":{"loc":{"start":{"line":78,"column":2},"end":{"line":80,"column":3}},"type":"if","locations":[{"start":{"line":78,"column":2},"end":{"line":80,"column":3}},{"start":{"line":78,"column":2},"end":{"line":80,"column":3}}],"line":78},"16":{"loc":{"start":{"line":82,"column":2},"end":{"line":84,"column":3}},"type":"if","locations":[{"start":{"line":82,"column":2},"end":{"line":84,"column":3}},{"start":{"line":82,"column":2},"end":{"line":84,"column":3}}],"line":82},"17":{"loc":{"start":{"line":87,"column":44},"end":{"line":87,"column":89}},"type":"cond-expr","locations":[{"start":{"line":87,"column":71},"end":{"line":87,"column":82}},{"start":{"line":87,"column":85},"end":{"line":87,"column":89}}],"line":87}},"s":{"0":1,"1":1,"2":15,"3":15,"4":5,"5":15,"6":1,"7":15,"8":5,"9":15,"10":2,"11":15,"12":2,"13":15,"14":3,"15":15,"16":7,"17":15,"18":4,"19":15,"20":5,"21":15,"22":7,"23":15,"24":2,"25":15,"26":2,"27":15,"28":3,"29":15,"30":1,"31":1,"32":1},"f":{"0":15},"b":{"0":[14],"1":[12],"2":[10],"3":[5,10],"4":[1,14],"5":[5,10],"6":[15,6],"7":[2,13],"8":[2,13],"9":[3,12],"10":[7,8],"11":[4,11],"12":[5,10],"13":[7,8],"14":[2,13],"15":[2,13],"16":[3,12],"17":[15,0]},"_coverageSchema":"332fd63041d2c1bcb487cc26dd0d5f7d97098a6c","hash":"15572168df3daaa74cb84f5c88a8ce720c6a19d6"}
}
