{"/Users/handy/Etu/etu-lib/src/components/FileIcon.jsx": {"path":"/Users/handy/Etu/etu-lib/src/components/FileIcon.jsx","statementMap":{"0":{"start":{"line":4,"column":14},"end":{"line":4,"column":79}},"1":{"start":{"line":5,"column":0},"end":{"line":5,"column":80}},"2":{"start":{"line":6,"column":0},"end":{"line":6,"column":81}},"3":{"start":{"line":7,"column":0},"end":{"line":7,"column":84}},"4":{"start":{"line":9,"column":27},"end":{"line":17,"column":1}},"5":{"start":{"line":10,"column":15},"end":{"line":10,"column":37}},"6":{"start":{"line":11,"column":2},"end":{"line":11,"column":51}},"7":{"start":{"line":11,"column":38},"end":{"line":11,"column":51}},"8":{"start":{"line":12,"column":2},"end":{"line":12,"column":50}},"9":{"start":{"line":12,"column":38},"end":{"line":12,"column":50}},"10":{"start":{"line":13,"column":2},"end":{"line":13,"column":43}},"11":{"start":{"line":13,"column":32},"end":{"line":13,"column":43}},"12":{"start":{"line":14,"column":2},"end":{"line":14,"column":73}},"13":{"start":{"line":14,"column":59},"end":{"line":14,"column":73}},"14":{"start":{"line":15,"column":2},"end":{"line":15,"column":87}},"15":{"start":{"line":15,"column":73},"end":{"line":15,"column":87}},"16":{"start":{"line":16,"column":2},"end":{"line":16,"column":18}},"17":{"start":{"line":19,"column":19},"end":{"line":21,"column":2}},"18":{"start":{"line":23,"column":17},"end":{"line":26,"column":1}},"19":{"start":{"line":24,"column":19},"end":{"line":24,"column":36}},"20":{"start":{"line":25,"column":2},"end":{"line":25,"column":96}},"21":{"start":{"line":27,"column":0},"end":{"line":27,"column":33}}},"fnMap":{"0":{"name":"(anonymous_0)","decl":{"start":{"line":9,"column":27},"end":{"line":9,"column":28}},"loc":{"start":{"line":9,"column":39},"end":{"line":17,"column":1}},"line":9},"1":{"name":"(anonymous_1)","decl":{"start":{"line":23,"column":17},"end":{"line":23,"column":18}},"loc":{"start":{"line":23,"column":63},"end":{"line":26,"column":1}},"line":23}},"branchMap":{"0":{"loc":{"start":{"line":11,"column":2},"end":{"line":11,"column":51}},"type":"if","locations":[{"start":{"line":11,"column":2},"end":{"line":11,"column":51}},{"start":{"line":11,"column":2},"end":{"line":11,"column":51}}],"line":11},"1":{"loc":{"start":{"line":12,"column":2},"end":{"line":12,"column":50}},"type":"if","locations":[{"start":{"line":12,"column":2},"end":{"line":12,"column":50}},{"start":{"line":12,"column":2},"end":{"line":12,"column":50}}],"line":12},"2":{"loc":{"start":{"line":13,"column":2},"end":{"line":13,"column":43}},"type":"if","locations":[{"start":{"line":13,"column":2},"end":{"line":13,"column":43}},{"start":{"line":13,"column":2},"end":{"line":13,"column":43}}],"line":13},"3":{"loc":{"start":{"line":14,"column":2},"end":{"line":14,"column":73}},"type":"if","locations":[{"start":{"line":14,"column":2},"end":{"line":14,"column":73}},{"start":{"line":14,"column":2},"end":{"line":14,"column":73}}],"line":14},"4":{"loc":{"start":{"line":15,"column":2},"end":{"line":15,"column":87}},"type":"if","locations":[{"start":{"line":15,"column":2},"end":{"line":15,"column":87}},{"start":{"line":15,"column":2},"end":{"line":15,"column":87}}],"line":15},"5":{"loc":{"start":{"line":23,"column":20},"end":{"line":23,"column":30}},"type":"default-arg","locations":[{"start":{"line":23,"column":28},"end":{"line":23,"column":30}}],"line":23},"6":{"loc":{"start":{"line":23,"column":32},"end":{"line":23,"column":41}},"type":"default-arg","locations":[{"start":{"line":23,"column":39},"end":{"line":23,"column":41}}],"line":23}},"s":{"0":2,"1":2,"2":2,"3":2,"4":2,"5":16,"6":16,"7":3,"8":13,"9":3,"10":10,"11":5,"12":5,"13":2,"14":3,"15":2,"16":1,"17":2,"18":2,"19":7,"20":7,"21":2},"f":{"0":16,"1":7},"b":{"0":[3,13],"1":[3,10],"2":[5,5],"3":[2,3],"4":[2,1],"5":[2],"6":[2]},"_coverageSchema":"332fd63041d2c1bcb487cc26dd0d5f7d97098a6c","hash":"493f037538caf75da44aec1ed5e85f55abc44155"}
,"/Users/handy/Etu/etu-lib/src/components/MediaList.jsx": {"path":"/Users/handy/Etu/etu-lib/src/components/MediaList.jsx","statementMap":{"0":{"start":{"line":9,"column":17},"end":{"line":17,"column":1}},"1":{"start":{"line":19,"column":18},"end":{"line":35,"column":1}},"2":{"start":{"line":20,"column":2},"end":{"line":34,"column":8}},"3":{"start":{"line":37,"column":20},"end":{"line":44,"column":1}},"4":{"start":{"line":39,"column":24},"end":{"line":39,"column":36}},"5":{"start":{"line":45,"column":0},"end":{"line":62,"column":1}},"6":{"start":{"line":47,"column":23},"end":{"line":47,"column":42}},"7":{"start":{"line":51,"column":27},"end":{"line":51,"column":43}},"8":{"start":{"line":54,"column":29},"end":{"line":54,"column":66}},"9":{"start":{"line":58,"column":25},"end":{"line":58,"column":54}},"10":{"start":{"line":63,"column":0},"end":{"line":63,"column":34}},"11":{"start":{"line":65,"column":0},"end":{"line":80,"column":1}},"12":{"start":{"line":70,"column":22},"end":{"line":70,"column":46}},"13":{"start":{"line":74,"column":21},"end":{"line":74,"column":53}},"14":{"start":{"line":75,"column":26},"end":{"line":75,"column":67}},"15":{"start":{"line":82,"column":24},"end":{"line":88,"column":1}},"16":{"start":{"line":83,"column":2},"end":{"line":87,"column":14}},"17":{"start":{"line":90,"column":21},"end":{"line":99,"column":1}},"18":{"start":{"line":131,"column":4},"end":{"line":131,"column":35}},"19":{"start":{"line":131,"column":19},"end":{"line":131,"column":35}},"20":{"start":{"line":132,"column":4},"end":{"line":132,"column":73}},"21":{"start":{"line":132,"column":40},"end":{"line":132,"column":73}},"22":{"start":{"line":136,"column":4},"end":{"line":136,"column":22}},"23":{"start":{"line":137,"column":4},"end":{"line":137,"column":23}},"24":{"start":{"line":138,"column":4},"end":{"line":138,"column":50}},"25":{"start":{"line":142,"column":17},"end":{"line":142,"column":29}},"26":{"start":{"line":143,"column":4},"end":{"line":158,"column":5}},"27":{"start":{"line":144,"column":16},"end":{"line":144,"column":50}},"28":{"start":{"line":145,"column":6},"end":{"line":148,"column":61}},"29":{"start":{"line":149,"column":6},"end":{"line":149,"column":25}},"30":{"start":{"line":150,"column":6},"end":{"line":150,"column":25}},"31":{"start":{"line":151,"column":6},"end":{"line":151,"column":34}},"32":{"start":{"line":152,"column":6},"end":{"line":152,"column":15}},"33":{"start":{"line":153,"column":6},"end":{"line":155,"column":11}},"34":{"start":{"line":154,"column":8},"end":{"line":154,"column":36}},"35":{"start":{"line":157,"column":6},"end":{"line":157,"column":60}},"36":{"start":{"line":162,"column":47},"end":{"line":162,"column":57}},"37":{"start":{"line":163,"column":11},"end":{"line":163,"column":24}},"38":{"start":{"line":164,"column":22},"end":{"line":164,"column":31}},"39":{"start":{"line":167,"column":17},"end":{"line":167,"column":42}},"40":{"start":{"line":168,"column":18},"end":{"line":168,"column":44}},"41":{"start":{"line":170,"column":4},"end":{"line":170,"column":57}},"42":{"start":{"line":172,"column":4},"end":{"line":189,"column":5}},"43":{"start":{"line":174,"column":8},"end":{"line":179,"column":10}},"44":{"start":{"line":181,"column":6},"end":{"line":187,"column":7}},"45":{"start":{"line":182,"column":8},"end":{"line":186,"column":9}},"46":{"start":{"line":188,"column":6},"end":{"line":188,"column":16}},"47":{"start":{"line":190,"column":4},"end":{"line":190,"column":106}},"48":{"start":{"line":195,"column":107},"end":{"line":195,"column":117}},"49":{"start":{"line":196,"column":4},"end":{"line":221,"column":5}},"50":{"start":{"line":199,"column":27},"end":{"line":199,"column":65}},"51":{"start":{"line":200,"column":10},"end":{"line":218,"column":11}}},"fnMap":{"0":{"name":"(anonymous_0)","decl":{"start":{"line":19,"column":18},"end":{"line":19,"column":19}},"loc":{"start":{"line":20,"column":2},"end":{"line":34,"column":8}},"line":20},"1":{"name":"(anonymous_1)","decl":{"start":{"line":39,"column":15},"end":{"line":39,"column":16}},"loc":{"start":{"line":39,"column":24},"end":{"line":39,"column":36}},"line":39},"2":{"name":"(anonymous_2)","decl":{"start":{"line":47,"column":14},"end":{"line":47,"column":15}},"loc":{"start":{"line":47,"column":23},"end":{"line":47,"column":42}},"line":47},"3":{"name":"(anonymous_3)","decl":{"start":{"line":51,"column":18},"end":{"line":51,"column":19}},"loc":{"start":{"line":51,"column":27},"end":{"line":51,"column":43}},"line":51},"4":{"name":"(anonymous_4)","decl":{"start":{"line":54,"column":19},"end":{"line":54,"column":20}},"loc":{"start":{"line":54,"column":29},"end":{"line":54,"column":66}},"line":54},"5":{"name":"(anonymous_5)","decl":{"start":{"line":58,"column":15},"end":{"line":58,"column":16}},"loc":{"start":{"line":58,"column":25},"end":{"line":58,"column":54}},"line":58},"6":{"name":"(anonymous_6)","decl":{"start":{"line":70,"column":12},"end":{"line":70,"column":13}},"loc":{"start":{"line":70,"column":22},"end":{"line":70,"column":46}},"line":70},"7":{"name":"(anonymous_7)","decl":{"start":{"line":74,"column":11},"end":{"line":74,"column":12}},"loc":{"start":{"line":74,"column":21},"end":{"line":74,"column":53}},"line":74},"8":{"name":"(anonymous_8)","decl":{"start":{"line":75,"column":16},"end":{"line":75,"column":17}},"loc":{"start":{"line":75,"column":26},"end":{"line":75,"column":67}},"line":75},"9":{"name":"(anonymous_9)","decl":{"start":{"line":82,"column":24},"end":{"line":82,"column":25}},"loc":{"start":{"line":83,"column":2},"end":{"line":87,"column":14}},"line":83},"10":{"name":"(anonymous_10)","decl":{"start":{"line":127,"column":24},"end":{"line":127,"column":25}},"loc":{"start":{"line":127,"column":47},"end":{"line":127,"column":49}},"line":127},"11":{"name":"(anonymous_11)","decl":{"start":{"line":128,"column":19},"end":{"line":128,"column":20}},"loc":{"start":{"line":128,"column":25},"end":{"line":128,"column":27}},"line":128},"12":{"name":"(anonymous_12)","decl":{"start":{"line":129,"column":23},"end":{"line":129,"column":24}},"loc":{"start":{"line":129,"column":29},"end":{"line":129,"column":31}},"line":129},"13":{"name":"(anonymous_13)","decl":{"start":{"line":130,"column":23},"end":{"line":130,"column":24}},"loc":{"start":{"line":130,"column":31},"end":{"line":133,"column":3}},"line":130},"14":{"name":"(anonymous_14)","decl":{"start":{"line":135,"column":21},"end":{"line":135,"column":22}},"loc":{"start":{"line":135,"column":32},"end":{"line":139,"column":3}},"line":135},"15":{"name":"(anonymous_15)","decl":{"start":{"line":141,"column":12},"end":{"line":141,"column":13}},"loc":{"start":{"line":141,"column":30},"end":{"line":159,"column":3}},"line":141},"16":{"name":"(anonymous_16)","decl":{"start":{"line":153,"column":17},"end":{"line":153,"column":18}},"loc":{"start":{"line":153,"column":28},"end":{"line":155,"column":7}},"line":153},"17":{"name":"(anonymous_17)","decl":{"start":{"line":161,"column":20},"end":{"line":161,"column":21}},"loc":{"start":{"line":161,"column":28},"end":{"line":191,"column":3}},"line":161},"18":{"name":"(anonymous_18)","decl":{"start":{"line":194,"column":2},"end":{"line":194,"column":3}},"loc":{"start":{"line":194,"column":11},"end":{"line":222,"column":3}},"line":194},"19":{"name":"(anonymous_19)","decl":{"start":{"line":198,"column":19},"end":{"line":198,"column":20}},"loc":{"start":{"line":198,"column":41},"end":{"line":219,"column":9}},"line":198}},"branchMap":{"0":{"loc":{"start":{"line":19,"column":47},"end":{"line":19,"column":74}},"type":"default-arg","locations":[{"start":{"line":19,"column":65},"end":{"line":19,"column":74}}],"line":19},"1":{"loc":{"start":{"line":54,"column":29},"end":{"line":54,"column":66}},"type":"cond-expr","locations":[{"start":{"line":54,"column":43},"end":{"line":54,"column":51}},{"start":{"line":54,"column":54},"end":{"line":54,"column":66}}],"line":54},"2":{"loc":{"start":{"line":58,"column":25},"end":{"line":58,"column":54}},"type":"cond-expr","locations":[{"start":{"line":58,"column":39},"end":{"line":58,"column":40}},{"start":{"line":58,"column":43},"end":{"line":58,"column":54}}],"line":58},"3":{"loc":{"start":{"line":70,"column":22},"end":{"line":70,"column":46}},"type":"cond-expr","locations":[{"start":{"line":70,"column":36},"end":{"line":70,"column":37}},{"start":{"line":70,"column":40},"end":{"line":70,"column":46}}],"line":70},"4":{"loc":{"start":{"line":74,"column":21},"end":{"line":74,"column":53}},"type":"cond-expr","locations":[{"start":{"line":74,"column":35},"end":{"line":74,"column":41}},{"start":{"line":74,"column":44},"end":{"line":74,"column":53}}],"line":74},"5":{"loc":{"start":{"line":75,"column":26},"end":{"line":75,"column":67}},"type":"cond-expr","locations":[{"start":{"line":75,"column":40},"end":{"line":75,"column":51}},{"start":{"line":75,"column":54},"end":{"line":75,"column":67}}],"line":75},"6":{"loc":{"start":{"line":83,"column":20},"end":{"line":83,"column":33}},"type":"cond-expr","locations":[{"start":{"line":83,"column":28},"end":{"line":83,"column":29}},{"start":{"line":83,"column":32},"end":{"line":83,"column":33}}],"line":83},"7":{"loc":{"start":{"line":84,"column":20},"end":{"line":84,"column":48}},"type":"cond-expr","locations":[{"start":{"line":84,"column":39},"end":{"line":84,"column":41}},{"start":{"line":84,"column":44},"end":{"line":84,"column":48}}],"line":84},"8":{"loc":{"start":{"line":131,"column":4},"end":{"line":131,"column":35}},"type":"if","locations":[{"start":{"line":131,"column":4},"end":{"line":131,"column":35}},{"start":{"line":131,"column":4},"end":{"line":131,"column":35}}],"line":131},"9":{"loc":{"start":{"line":132,"column":4},"end":{"line":132,"column":73}},"type":"if","locations":[{"start":{"line":132,"column":4},"end":{"line":132,"column":73}},{"start":{"line":132,"column":4},"end":{"line":132,"column":73}}],"line":132},"10":{"loc":{"start":{"line":132,"column":8},"end":{"line":132,"column":38}},"type":"binary-expr","locations":[{"start":{"line":132,"column":8},"end":{"line":132,"column":18}},{"start":{"line":132,"column":22},"end":{"line":132,"column":38}}],"line":132},"11":{"loc":{"start":{"line":138,"column":4},"end":{"line":138,"column":50}},"type":"binary-expr","locations":[{"start":{"line":138,"column":4},"end":{"line":138,"column":23}},{"start":{"line":138,"column":27},"end":{"line":138,"column":50}}],"line":138},"12":{"loc":{"start":{"line":143,"column":4},"end":{"line":158,"column":5}},"type":"if","locations":[{"start":{"line":143,"column":4},"end":{"line":158,"column":5}},{"start":{"line":143,"column":4},"end":{"line":158,"column":5}}],"line":143},"13":{"loc":{"start":{"line":143,"column":8},"end":{"line":143,"column":56}},"type":"binary-expr","locations":[{"start":{"line":143,"column":8},"end":{"line":143,"column":31}},{"start":{"line":143,"column":35},"end":{"line":143,"column":56}}],"line":143},"14":{"loc":{"start":{"line":146,"column":8},"end":{"line":148,"column":61}},"type":"cond-expr","locations":[{"start":{"line":147,"column":12},"end":{"line":147,"column":57}},{"start":{"line":148,"column":12},"end":{"line":148,"column":61}}],"line":146},"15":{"loc":{"start":{"line":146,"column":8},"end":{"line":146,"column":53}},"type":"binary-expr","locations":[{"start":{"line":146,"column":8},"end":{"line":146,"column":30}},{"start":{"line":146,"column":34},"end":{"line":146,"column":53}}],"line":146},"16":{"loc":{"start":{"line":147,"column":30},"end":{"line":147,"column":56}},"type":"binary-expr","locations":[{"start":{"line":147,"column":30},"end":{"line":147,"column":39}},{"start":{"line":147,"column":43},"end":{"line":147,"column":56}}],"line":147},"17":{"loc":{"start":{"line":148,"column":34},"end":{"line":148,"column":60}},"type":"binary-expr","locations":[{"start":{"line":148,"column":34},"end":{"line":148,"column":43}},{"start":{"line":148,"column":47},"end":{"line":148,"column":60}}],"line":148},"18":{"loc":{"start":{"line":157,"column":6},"end":{"line":157,"column":60}},"type":"binary-expr","locations":[{"start":{"line":157,"column":6},"end":{"line":157,"column":24}},{"start":{"line":157,"column":28},"end":{"line":157,"column":60}}],"line":157},"19":{"loc":{"start":{"line":167,"column":26},"end":{"line":167,"column":41}},"type":"cond-expr","locations":[{"start":{"line":167,"column":34},"end":{"line":167,"column":35}},{"start":{"line":167,"column":38},"end":{"line":167,"column":41}}],"line":167},"20":{"loc":{"start":{"line":168,"column":28},"end":{"line":168,"column":43}},"type":"cond-expr","locations":[{"start":{"line":168,"column":36},"end":{"line":168,"column":37}},{"start":{"line":168,"column":40},"end":{"line":168,"column":43}}],"line":168},"21":{"loc":{"start":{"line":172,"column":4},"end":{"line":189,"column":5}},"type":"if","locations":[{"start":{"line":172,"column":4},"end":{"line":189,"column":5}},{"start":{"line":172,"column":4},"end":{"line":189,"column":5}}],"line":172},"22":{"loc":{"start":{"line":172,"column":8},"end":{"line":172,"column":56}},"type":"binary-expr","locations":[{"start":{"line":172,"column":8},"end":{"line":172,"column":29}},{"start":{"line":172,"column":33},"end":{"line":172,"column":56}}],"line":172},"23":{"loc":{"start":{"line":178,"column":16},"end":{"line":178,"column":72}},"type":"binary-expr","locations":[{"start":{"line":178,"column":16},"end":{"line":178,"column":37}},{"start":{"line":178,"column":41},"end":{"line":178,"column":72}}],"line":178},"24":{"loc":{"start":{"line":181,"column":6},"end":{"line":187,"column":7}},"type":"if","locations":[{"start":{"line":181,"column":6},"end":{"line":187,"column":7}},{"start":{"line":181,"column":6},"end":{"line":187,"column":7}}],"line":181},"25":{"loc":{"start":{"line":190,"column":44},"end":{"line":190,"column":73}},"type":"cond-expr","locations":[{"start":{"line":190,"column":52},"end":{"line":190,"column":61}},{"start":{"line":190,"column":64},"end":{"line":190,"column":73}}],"line":190},"26":{"loc":{"start":{"line":195,"column":79},"end":{"line":195,"column":102}},"type":"default-arg","locations":[{"start":{"line":195,"column":97},"end":{"line":195,"column":102}}],"line":195},"27":{"loc":{"start":{"line":199,"column":27},"end":{"line":199,"column":65}},"type":"binary-expr","locations":[{"start":{"line":199,"column":27},"end":{"line":199,"column":34}},{"start":{"line":199,"column":38},"end":{"line":199,"column":65}}],"line":199},"28":{"loc":{"start":{"line":204,"column":24},"end":{"line":204,"column":43}},"type":"binary-expr","locations":[{"start":{"line":204,"column":24},"end":{"line":204,"column":32}},{"start":{"line":204,"column":36},"end":{"line":204,"column":43}}],"line":204},"29":{"loc":{"start":{"line":206,"column":21},"end":{"line":206,"column":34}},"type":"cond-expr","locations":[{"start":{"line":206,"column":29},"end":{"line":206,"column":30}},{"start":{"line":206,"column":33},"end":{"line":206,"column":34}}],"line":206},"30":{"loc":{"start":{"line":211,"column":15},"end":{"line":215,"column":15}},"type":"binary-expr","locations":[{"start":{"line":211,"column":15},"end":{"line":211,"column":30}},{"start":{"line":212,"column":16},"end":{"line":214,"column":24}}],"line":211},"31":{"loc":{"start":{"line":216,"column":15},"end":{"line":216,"column":69}},"type":"binary-expr","locations":[{"start":{"line":216,"column":15},"end":{"line":216,"column":23}},{"start":{"line":216,"column":27},"end":{"line":216,"column":69}}],"line":216}},"s":{"0":1,"1":1,"2":4,"3":1,"4":6,"5":1,"6":18,"7":18,"8":18,"9":18,"10":1,"11":1,"12":0,"13":0,"14":0,"15":1,"16":1,"17":1,"18":7,"19":4,"20":3,"21":2,"22":0,"23":0,"24":0,"25":0,"26":0,"27":0,"28":0,"29":0,"30":0,"31":0,"32":0,"33":0,"34":0,"35":0,"36":16,"37":16,"38":16,"39":16,"40":16,"41":16,"42":16,"43":8,"44":8,"45":2,"46":6,"47":8,"48":4,"49":4,"50":16,"51":16},"f":{"0":4,"1":6,"2":18,"3":18,"4":18,"5":18,"6":0,"7":0,"8":0,"9":1,"10":0,"11":0,"12":0,"13":7,"14":0,"15":0,"16":0,"17":16,"18":4,"19":16},"b":{"0":[4],"1":[16,2],"2":[16,2],"3":[0,0],"4":[0,0],"5":[0,0],"6":[1,0],"7":[1,0],"8":[4,3],"9":[2,1],"10":[3,2],"11":[0,0],"12":[0,0],"13":[0,0],"14":[0,0],"15":[0,0],"16":[0,0],"17":[0,0],"18":[0,0],"19":[12,4],"20":[12,4],"21":[8,8],"22":[16,16],"23":[8,0],"24":[2,6],"25":[6,2],"26":[0],"27":[16,4],"28":[16,4],"29":[12,4],"30":[16,4],"31":[16,4]},"_coverageSchema":"332fd63041d2c1bcb487cc26dd0d5f7d97098a6c","hash":"1c40166f2bb9b33181576ba2ea03d62b7bfef1d1"}
,"/Users/handy/Etu/etu-lib/src/components/View.jsx": {"path":"/Users/handy/Etu/etu-lib/src/components/View.jsx","statementMap":{"0":{"start":{"line":4,"column":18},"end":{"line":15,"column":1}},"1":{"start":{"line":17,"column":13},"end":{"line":91,"column":1}},"2":{"start":{"line":34,"column":20},"end":{"line":34,"column":22}},"3":{"start":{"line":36,"column":2},"end":{"line":38,"column":3}},"4":{"start":{"line":37,"column":4},"end":{"line":37,"column":37}},"5":{"start":{"line":40,"column":2},"end":{"line":42,"column":3}},"6":{"start":{"line":41,"column":4},"end":{"line":41,"column":40}},"7":{"start":{"line":44,"column":2},"end":{"line":46,"column":3}},"8":{"start":{"line":45,"column":4},"end":{"line":45,"column":41}},"9":{"start":{"line":48,"column":2},"end":{"line":50,"column":3}},"10":{"start":{"line":49,"column":4},"end":{"line":49,"column":34}},"11":{"start":{"line":52,"column":2},"end":{"line":54,"column":3}},"12":{"start":{"line":53,"column":4},"end":{"line":53,"column":40}},"13":{"start":{"line":56,"column":2},"end":{"line":58,"column":3}},"14":{"start":{"line":57,"column":4},"end":{"line":57,"column":33}},"15":{"start":{"line":60,"column":2},"end":{"line":62,"column":3}},"16":{"start":{"line":61,"column":4},"end":{"line":61,"column":27}},"17":{"start":{"line":64,"column":2},"end":{"line":66,"column":3}},"18":{"start":{"line":65,"column":4},"end":{"line":65,"column":29}},"19":{"start":{"line":68,"column":2},"end":{"line":70,"column":3}},"20":{"start":{"line":69,"column":4},"end":{"line":69,"column":31}},"21":{"start":{"line":72,"column":2},"end":{"line":74,"column":3}},"22":{"start":{"line":73,"column":4},"end":{"line":73,"column":39}},"23":{"start":{"line":75,"column":2},"end":{"line":77,"column":3}},"24":{"start":{"line":76,"column":4},"end":{"line":76,"column":29}},"25":{"start":{"line":78,"column":2},"end":{"line":80,"column":3}},"26":{"start":{"line":79,"column":4},"end":{"line":79,"column":37}},"27":{"start":{"line":82,"column":2},"end":{"line":84,"column":3}},"28":{"start":{"line":83,"column":4},"end":{"line":83,"column":46}},"29":{"start":{"line":86,"column":2},"end":{"line":90,"column":3}},"30":{"start":{"line":92,"column":0},"end":{"line":92,"column":25}},"31":{"start":{"line":94,"column":0},"end":{"line":97,"column":1}},"32":{"start":{"line":98,"column":0},"end":{"line":98,"column":39}}},"fnMap":{"0":{"name":"(anonymous_0)","decl":{"start":{"line":17,"column":13},"end":{"line":17,"column":14}},"loc":{"start":{"line":33,"column":6},"end":{"line":91,"column":1}},"line":33}},"branchMap":{"0":{"loc":{"start":{"line":22,"column":2},"end":{"line":22,"column":16}},"type":"default-arg","locations":[{"start":{"line":22,"column":11},"end":{"line":22,"column":16}}],"line":22},"1":{"loc":{"start":{"line":23,"column":2},"end":{"line":23,"column":14}},"type":"default-arg","locations":[{"start":{"line":23,"column":9},"end":{"line":23,"column":14}}],"line":23},"2":{"loc":{"start":{"line":24,"column":2},"end":{"line":24,"column":13}},"type":"default-arg","locations":[{"start":{"line":24,"column":8},"end":{"line":24,"column":13}}],"line":24},"3":{"loc":{"start":{"line":36,"column":2},"end":{"line":38,"column":3}},"type":"if","locations":[{"start":{"line":36,"column":2},"end":{"line":38,"column":3}},{"start":{"line":36,"column":2},"end":{"line":38,"column":3}}],"line":36},"4":{"loc":{"start":{"line":40,"column":2},"end":{"line":42,"column":3}},"type":"if","locations":[{"start":{"line":40,"column":2},"end":{"line":42,"column":3}},{"start":{"line":40,"column":2},"end":{"line":42,"column":3}}],"line":40},"5":{"loc":{"start":{"line":44,"column":2},"end":{"line":46,"column":3}},"type":"if","locations":[{"start":{"line":44,"column":2},"end":{"line":46,"column":3}},{"start":{"line":44,"column":2},"end":{"line":46,"column":3}}],"line":44},"6":{"loc":{"start":{"line":44,"column":6},"end":{"line":44,"column":70}},"type":"binary-expr","locations":[{"start":{"line":44,"column":6},"end":{"line":44,"column":31}},{"start":{"line":44,"column":35},"end":{"line":44,"column":70}}],"line":44},"7":{"loc":{"start":{"line":48,"column":2},"end":{"line":50,"column":3}},"type":"if","locations":[{"start":{"line":48,"column":2},"end":{"line":50,"column":3}},{"start":{"line":48,"column":2},"end":{"line":50,"column":3}}],"line":48},"8":{"loc":{"start":{"line":52,"column":2},"end":{"line":54,"column":3}},"type":"if","locations":[{"start":{"line":52,"column":2},"end":{"line":54,"column":3}},{"start":{"line":52,"column":2},"end":{"line":54,"column":3}}],"line":52},"9":{"loc":{"start":{"line":56,"column":2},"end":{"line":58,"column":3}},"type":"if","locations":[{"start":{"line":56,"column":2},"end":{"line":58,"column":3}},{"start":{"line":56,"column":2},"end":{"line":58,"column":3}}],"line":56},"10":{"loc":{"start":{"line":60,"column":2},"end":{"line":62,"column":3}},"type":"if","locations":[{"start":{"line":60,"column":2},"end":{"line":62,"column":3}},{"start":{"line":60,"column":2},"end":{"line":62,"column":3}}],"line":60},"11":{"loc":{"start":{"line":64,"column":2},"end":{"line":66,"column":3}},"type":"if","locations":[{"start":{"line":64,"column":2},"end":{"line":66,"column":3}},{"start":{"line":64,"column":2},"end":{"line":66,"column":3}}],"line":64},"12":{"loc":{"start":{"line":68,"column":2},"end":{"line":70,"column":3}},"type":"if","locations":[{"start":{"line":68,"column":2},"end":{"line":70,"column":3}},{"start":{"line":68,"column":2},"end":{"line":70,"column":3}}],"line":68},"13":{"loc":{"start":{"line":72,"column":2},"end":{"line":74,"column":3}},"type":"if","locations":[{"start":{"line":72,"column":2},"end":{"line":74,"column":3}},{"start":{"line":72,"column":2},"end":{"line":74,"column":3}}],"line":72},"14":{"loc":{"start":{"line":75,"column":2},"end":{"line":77,"column":3}},"type":"if","locations":[{"start":{"line":75,"column":2},"end":{"line":77,"column":3}},{"start":{"line":75,"column":2},"end":{"line":77,"column":3}}],"line":75},"15":{"loc":{"start":{"line":78,"column":2},"end":{"line":80,"column":3}},"type":"if","locations":[{"start":{"line":78,"column":2},"end":{"line":80,"column":3}},{"start":{"line":78,"column":2},"end":{"line":80,"column":3}}],"line":78},"16":{"loc":{"start":{"line":82,"column":2},"end":{"line":84,"column":3}},"type":"if","locations":[{"start":{"line":82,"column":2},"end":{"line":84,"column":3}},{"start":{"line":82,"column":2},"end":{"line":84,"column":3}}],"line":82},"17":{"loc":{"start":{"line":87,"column":44},"end":{"line":87,"column":89}},"type":"cond-expr","locations":[{"start":{"line":87,"column":71},"end":{"line":87,"column":82}},{"start":{"line":87,"column":85},"end":{"line":87,"column":89}}],"line":87}},"s":{"0":1,"1":1,"2":11,"3":11,"4":4,"5":11,"6":1,"7":11,"8":4,"9":11,"10":2,"11":11,"12":2,"13":11,"14":2,"15":11,"16":4,"17":11,"18":4,"19":11,"20":2,"21":11,"22":4,"23":11,"24":2,"25":11,"26":2,"27":11,"28":2,"29":11,"30":1,"31":1,"32":1},"f":{"0":11},"b":{"0":[10],"1":[9],"2":[7],"3":[4,7],"4":[1,10],"5":[4,7],"6":[11,5],"7":[2,9],"8":[2,9],"9":[2,9],"10":[4,7],"11":[4,7],"12":[2,9],"13":[4,7],"14":[2,9],"15":[2,9],"16":[2,9],"17":[11,0]},"_coverageSchema":"332fd63041d2c1bcb487cc26dd0d5f7d97098a6c","hash":"15572168df3daaa74cb84f5c88a8ce720c6a19d6"}
}
