TN:
SF:/Users/handy/Etu/etu-lib/src/components/FileIcon.jsx
FN:9,(anonymous_0)
FN:23,(anonymous_1)
FNF:2
FNH:2
FNDA:16,(anonymous_0)
FNDA:7,(anonymous_1)
DA:4,2
DA:5,2
DA:6,2
DA:7,2
DA:9,2
DA:10,16
DA:11,16
DA:12,13
DA:13,10
DA:14,5
DA:15,3
DA:16,1
DA:19,2
DA:23,2
DA:24,7
DA:25,7
DA:27,2
LF:17
LH:17
BRDA:11,0,0,3
BRDA:11,0,1,13
BRDA:12,1,0,3
BRDA:12,1,1,10
BRDA:13,2,0,5
BRDA:13,2,1,5
BRDA:14,3,0,2
BRDA:14,3,1,3
BRDA:15,4,0,2
BRDA:15,4,1,1
BRDA:23,5,0,2
BRDA:23,6,0,2
BRF:12
BRH:12
end_of_record
TN:
SF:/Users/handy/Etu/etu-lib/src/components/MediaList.jsx
FN:19,(anonymous_0)
FN:39,(anonymous_1)
FN:47,(anonymous_2)
FN:51,(anonymous_3)
FN:54,(anonymous_4)
FN:58,(anonymous_5)
FN:70,(anonymous_6)
FN:74,(anonymous_7)
FN:75,(anonymous_8)
FN:82,(anonymous_9)
FN:127,(anonymous_10)
FN:128,(anonymous_11)
FN:129,(anonymous_12)
FN:130,(anonymous_13)
FN:135,(anonymous_14)
FN:141,(anonymous_15)
FN:153,(anonymous_16)
FN:161,(anonymous_17)
FN:194,(anonymous_18)
FN:198,(anonymous_19)
FNF:20
FNH:11
FNDA:4,(anonymous_0)
FNDA:6,(anonymous_1)
FNDA:18,(anonymous_2)
FNDA:18,(anonymous_3)
FNDA:18,(anonymous_4)
FNDA:18,(anonymous_5)
FNDA:0,(anonymous_6)
FNDA:0,(anonymous_7)
FNDA:0,(anonymous_8)
FNDA:1,(anonymous_9)
FNDA:0,(anonymous_10)
FNDA:0,(anonymous_11)
FNDA:0,(anonymous_12)
FNDA:7,(anonymous_13)
FNDA:0,(anonymous_14)
FNDA:0,(anonymous_15)
FNDA:0,(anonymous_16)
FNDA:16,(anonymous_17)
FNDA:4,(anonymous_18)
FNDA:16,(anonymous_19)
DA:9,1
DA:19,1
DA:20,4
DA:37,1
DA:39,6
DA:45,1
DA:47,18
DA:51,18
DA:54,18
DA:58,18
DA:63,1
DA:65,1
DA:70,0
DA:74,0
DA:75,0
DA:82,1
DA:83,1
DA:90,1
DA:131,7
DA:132,3
DA:136,0
DA:137,0
DA:138,0
DA:142,0
DA:143,0
DA:144,0
DA:145,0
DA:149,0
DA:150,0
DA:151,0
DA:152,0
DA:153,0
DA:154,0
DA:157,0
DA:162,16
DA:163,16
DA:164,16
DA:167,16
DA:168,16
DA:170,16
DA:172,16
DA:174,8
DA:181,8
DA:182,2
DA:188,6
DA:190,8
DA:195,4
DA:196,4
DA:199,16
DA:200,16
LF:50
LH:33
BRDA:19,0,0,4
BRDA:54,1,0,16
BRDA:54,1,1,2
BRDA:58,2,0,16
BRDA:58,2,1,2
BRDA:70,3,0,0
BRDA:70,3,1,0
BRDA:74,4,0,0
BRDA:74,4,1,0
BRDA:75,5,0,0
BRDA:75,5,1,0
BRDA:83,6,0,1
BRDA:83,6,1,0
BRDA:84,7,0,1
BRDA:84,7,1,0
BRDA:131,8,0,4
BRDA:131,8,1,3
BRDA:132,9,0,2
BRDA:132,9,1,1
BRDA:132,10,0,3
BRDA:132,10,1,2
BRDA:138,11,0,0
BRDA:138,11,1,0
BRDA:143,12,0,0
BRDA:143,12,1,0
BRDA:143,13,0,0
BRDA:143,13,1,0
BRDA:146,14,0,0
BRDA:146,14,1,0
BRDA:146,15,0,0
BRDA:146,15,1,0
BRDA:147,16,0,0
BRDA:147,16,1,0
BRDA:148,17,0,0
BRDA:148,17,1,0
BRDA:157,18,0,0
BRDA:157,18,1,0
BRDA:167,19,0,12
BRDA:167,19,1,4
BRDA:168,20,0,12
BRDA:168,20,1,4
BRDA:172,21,0,8
BRDA:172,21,1,8
BRDA:172,22,0,16
BRDA:172,22,1,16
BRDA:178,23,0,8
BRDA:178,23,1,0
BRDA:181,24,0,2
BRDA:181,24,1,6
BRDA:190,25,0,6
BRDA:190,25,1,2
BRDA:195,26,0,0
BRDA:199,27,0,16
BRDA:199,27,1,4
BRDA:204,28,0,16
BRDA:204,28,1,4
BRDA:206,29,0,12
BRDA:206,29,1,4
BRDA:211,30,0,16
BRDA:211,30,1,4
BRDA:216,31,0,16
BRDA:216,31,1,4
BRF:62
BRH:36
end_of_record
TN:
SF:/Users/handy/Etu/etu-lib/src/components/View.jsx
FN:17,(anonymous_0)
FNF:1
FNH:1
FNDA:11,(anonymous_0)
DA:4,1
DA:17,1
DA:34,11
DA:36,11
DA:37,4
DA:40,11
DA:41,1
DA:44,11
DA:45,4
DA:48,11
DA:49,2
DA:52,11
DA:53,2
DA:56,11
DA:57,2
DA:60,11
DA:61,4
DA:64,11
DA:65,4
DA:68,11
DA:69,2
DA:72,11
DA:73,4
DA:75,11
DA:76,2
DA:78,11
DA:79,2
DA:82,11
DA:83,2
DA:86,11
DA:92,1
DA:94,1
DA:98,1
LF:33
LH:33
BRDA:22,0,0,10
BRDA:23,1,0,9
BRDA:24,2,0,7
BRDA:36,3,0,4
BRDA:36,3,1,7
BRDA:40,4,0,1
BRDA:40,4,1,10
BRDA:44,5,0,4
BRDA:44,5,1,7
BRDA:44,6,0,11
BRDA:44,6,1,5
BRDA:48,7,0,2
BRDA:48,7,1,9
BRDA:52,8,0,2
BRDA:52,8,1,9
BRDA:56,9,0,2
BRDA:56,9,1,9
BRDA:60,10,0,4
BRDA:60,10,1,7
BRDA:64,11,0,4
BRDA:64,11,1,7
BRDA:68,12,0,2
BRDA:68,12,1,9
BRDA:72,13,0,4
BRDA:72,13,1,7
BRDA:75,14,0,2
BRDA:75,14,1,9
BRDA:78,15,0,2
BRDA:78,15,1,9
BRDA:82,16,0,2
BRDA:82,16,1,9
BRDA:87,17,0,11
BRDA:87,17,1,0
BRF:33
BRH:32
end_of_record
