TN:
SF:/Users/handy/Etu/etu-lib/src/components/FileIcon.jsx
FN:9,(anonymous_0)
FN:23,(anonymous_1)
FNF:2
FNH:2
FNDA:18,(anonymous_0)
FNDA:7,(anonymous_1)
DA:4,2
DA:5,2
DA:6,2
DA:7,2
DA:9,2
DA:10,18
DA:11,18
DA:12,13
DA:13,10
DA:14,5
DA:15,3
DA:16,1
DA:19,2
DA:23,2
DA:24,7
DA:25,7
DA:27,2
LF:17
LH:17
BRDA:11,0,0,5
BRDA:11,0,1,13
BRDA:12,1,0,3
BRDA:12,1,1,10
BRDA:13,2,0,5
BRDA:13,2,1,5
BRDA:14,3,0,2
BRDA:14,3,1,3
BRDA:15,4,0,2
BRDA:15,4,1,1
BRDA:23,5,0,2
BRDA:23,6,0,2
BRF:12
BRH:12
end_of_record
TN:
SF:/Users/handy/Etu/etu-lib/src/components/FullScreenModal.jsx
FN:5,(anonymous_0)
FN:20,(anonymous_1)
FN:23,(anonymous_2)
FN:31,(anonymous_3)
FN:38,(anonymous_4)
FN:47,(anonymous_5)
FNF:6
FNH:6
FNDA:3,(anonymous_0)
FNDA:6,(anonymous_1)
FNDA:6,(anonymous_2)
FNDA:6,(anonymous_3)
FNDA:6,(anonymous_4)
FNDA:6,(anonymous_5)
DA:5,1
DA:6,3
DA:11,1
DA:20,6
DA:23,6
DA:31,6
DA:38,6
DA:47,6
LF:8
LH:8
BRDA:6,0,0,3
BRDA:6,0,1,2
BRDA:20,1,0,6
BRDA:20,1,1,6
BRDA:23,2,0,6
BRDA:23,2,1,4
BRDA:31,3,0,4
BRDA:31,3,1,2
BRDA:38,4,0,4
BRDA:38,4,1,2
BRDA:47,5,0,6
BRDA:47,5,1,0
BRDA:47,6,0,6
BRDA:47,6,1,2
BRF:14
BRH:13
end_of_record
TN:
SF:/Users/handy/Etu/etu-lib/src/components/MediaList.jsx
FN:19,(anonymous_0)
FN:39,(anonymous_1)
FN:47,(anonymous_2)
FN:51,(anonymous_3)
FN:54,(anonymous_4)
FN:58,(anonymous_5)
FN:70,(anonymous_6)
FN:74,(anonymous_7)
FN:75,(anonymous_8)
FN:82,(anonymous_9)
FN:129,(anonymous_10)
FN:130,(anonymous_11)
FN:131,(anonymous_12)
FN:133,(anonymous_13)
FN:139,(anonymous_14)
FN:145,(anonymous_15)
FN:151,(anonymous_16)
FN:162,(anonymous_17)
FN:170,(anonymous_18)
FN:203,(anonymous_19)
FN:207,(anonymous_20)
FNF:21
FNH:12
FNDA:4,(anonymous_0)
FNDA:6,(anonymous_1)
FNDA:18,(anonymous_2)
FNDA:18,(anonymous_3)
FNDA:18,(anonymous_4)
FNDA:18,(anonymous_5)
FNDA:0,(anonymous_6)
FNDA:0,(anonymous_7)
FNDA:0,(anonymous_8)
FNDA:1,(anonymous_9)
FNDA:0,(anonymous_10)
FNDA:0,(anonymous_11)
FNDA:0,(anonymous_12)
FNDA:1,(anonymous_13)
FNDA:7,(anonymous_14)
FNDA:0,(anonymous_15)
FNDA:0,(anonymous_16)
FNDA:0,(anonymous_17)
FNDA:16,(anonymous_18)
FNDA:4,(anonymous_19)
FNDA:16,(anonymous_20)
DA:9,1
DA:19,1
DA:20,4
DA:37,1
DA:39,6
DA:45,1
DA:47,18
DA:51,18
DA:54,18
DA:58,18
DA:63,1
DA:65,1
DA:70,0
DA:74,0
DA:75,0
DA:82,1
DA:83,1
DA:90,1
DA:134,1
DA:135,1
DA:136,1
DA:140,7
DA:141,3
DA:142,3
DA:146,0
DA:147,0
DA:148,0
DA:152,0
DA:153,0
DA:154,0
DA:155,0
DA:159,0
DA:160,0
DA:161,0
DA:162,0
DA:163,0
DA:166,0
DA:171,16
DA:172,16
DA:173,16
DA:176,16
DA:177,16
DA:179,16
DA:181,16
DA:183,8
DA:190,8
DA:191,2
DA:197,6
DA:199,8
DA:204,4
DA:205,4
DA:208,16
DA:209,16
LF:53
LH:37
BRDA:19,0,0,4
BRDA:54,1,0,16
BRDA:54,1,1,2
BRDA:58,2,0,16
BRDA:58,2,1,2
BRDA:70,3,0,0
BRDA:70,3,1,0
BRDA:74,4,0,0
BRDA:74,4,1,0
BRDA:75,5,0,0
BRDA:75,5,1,0
BRDA:83,6,0,1
BRDA:83,6,1,0
BRDA:84,7,0,1
BRDA:84,7,1,0
BRDA:140,8,0,4
BRDA:140,8,1,3
BRDA:141,9,0,0
BRDA:141,9,1,3
BRDA:141,10,0,3
BRDA:141,10,1,2
BRDA:142,11,0,2
BRDA:142,11,1,1
BRDA:142,12,0,3
BRDA:142,12,1,2
BRDA:148,13,0,0
BRDA:148,13,1,0
BRDA:153,14,0,0
BRDA:153,14,1,0
BRDA:153,15,0,0
BRDA:153,15,1,0
BRDA:156,16,0,0
BRDA:156,16,1,0
BRDA:156,17,0,0
BRDA:156,17,1,0
BRDA:157,18,0,0
BRDA:157,18,1,0
BRDA:158,19,0,0
BRDA:158,19,1,0
BRDA:166,20,0,0
BRDA:166,20,1,0
BRDA:176,21,0,12
BRDA:176,21,1,4
BRDA:177,22,0,12
BRDA:177,22,1,4
BRDA:181,23,0,8
BRDA:181,23,1,8
BRDA:181,24,0,16
BRDA:181,24,1,16
BRDA:187,25,0,8
BRDA:187,25,1,0
BRDA:190,26,0,2
BRDA:190,26,1,6
BRDA:199,27,0,6
BRDA:199,27,1,2
BRDA:204,28,0,0
BRDA:208,29,0,16
BRDA:208,29,1,4
BRDA:213,30,0,16
BRDA:213,30,1,4
BRDA:215,31,0,12
BRDA:215,31,1,4
BRDA:220,32,0,16
BRDA:220,32,1,4
BRDA:225,33,0,16
BRDA:225,33,1,4
BRF:66
BRH:39
end_of_record
TN:
SF:/Users/handy/Etu/etu-lib/src/components/View.jsx
FN:17,(anonymous_0)
FNF:1
FNH:1
FNDA:15,(anonymous_0)
DA:4,1
DA:17,1
DA:34,15
DA:36,15
DA:37,5
DA:40,15
DA:41,1
DA:44,15
DA:45,5
DA:48,15
DA:49,2
DA:52,15
DA:53,2
DA:56,15
DA:57,3
DA:60,15
DA:61,7
DA:64,15
DA:65,4
DA:68,15
DA:69,5
DA:72,15
DA:73,7
DA:75,15
DA:76,2
DA:78,15
DA:79,2
DA:82,15
DA:83,3
DA:86,15
DA:92,1
DA:94,1
DA:98,1
LF:33
LH:33
BRDA:22,0,0,14
BRDA:23,1,0,12
BRDA:24,2,0,10
BRDA:36,3,0,5
BRDA:36,3,1,10
BRDA:40,4,0,1
BRDA:40,4,1,14
BRDA:44,5,0,5
BRDA:44,5,1,10
BRDA:44,6,0,15
BRDA:44,6,1,6
BRDA:48,7,0,2
BRDA:48,7,1,13
BRDA:52,8,0,2
BRDA:52,8,1,13
BRDA:56,9,0,3
BRDA:56,9,1,12
BRDA:60,10,0,7
BRDA:60,10,1,8
BRDA:64,11,0,4
BRDA:64,11,1,11
BRDA:68,12,0,5
BRDA:68,12,1,10
BRDA:72,13,0,7
BRDA:72,13,1,8
BRDA:75,14,0,2
BRDA:75,14,1,13
BRDA:78,15,0,2
BRDA:78,15,1,13
BRDA:82,16,0,3
BRDA:82,16,1,12
BRDA:87,17,0,15
BRDA:87,17,1,0
BRF:33
BRH:32
end_of_record
